<?xml version="1.0" encoding="UTF-8"?>
<!-- Generated by org.testng.reporters.JUnitReportReporter -->
<testsuite hostname="DESKTOP-7S7LCUO" failures="0" tests="1" name="tests.Tests" time="9.553" errors="0" timestamp="2025-01-23T00:42:33 IST" skipped="0">
  <testcase classname="tests.Tests" name="test1" time="9.553"/>
  <system-out/>
</testsuite> <!-- tests.Tests -->
