<?xml version="1.0" encoding="UTF-8"?>
<!-- Generated by org.testng.reporters.JUnitReportReporter -->
<testsuite hostname="DESKTOP-7S7LCUO" failures="0" tests="2" name="tests.Tests" time="10.052" errors="0" timestamp="2024-06-19T14:25:03 IST" skipped="0">
  <testcase classname="tests.Tests" name="test1" time="5.872"/>
  <system-out/>
  <testcase classname="tests.Tests" name="test2" time="4.180"/>
  <system-out/>
</testsuite> <!-- tests.Tests -->
