<?xml version="1.0" encoding="UTF-8"?>
<!-- Generated by org.testng.reporters.JUnitReportReporter -->
<testsuite hostname="DESKTOP-7S7LCUO" failures="0" tests="1" name="tests.Tests" time="8.914" errors="0" timestamp="2024-06-21T15:40:18 IST" skipped="0">
  <testcase classname="tests.Tests" name="test1" time="8.914"/>
  <system-out/>
</testsuite> <!-- tests.Tests -->
