<?xml version="1.0" encoding="UTF-8"?>
<!-- Generated by org.testng.reporters.JUnitReportReporter -->
<testsuite hostname="DESKTOP-7S7LCUO" failures="0" tests="1" name="tests.Tests" time="5.709" errors="0" timestamp="2025-01-23T00:44:12 IST" skipped="0">
  <testcase classname="tests.Tests" name="test1" time="5.709"/>
  <system-out/>
</testsuite> <!-- tests.Tests -->
